[2020-10-24 19:02:49] [INFO][main][com.axxqa.automation.utils.DnsUtil.<init>(DnsUtil.java:17)]- *********** 加载dns文件, 环境env:product, 文件:host.properties ******** 
[2020-10-24 19:02:49] [ERROR][main][com.axxqa.automation.utils.PropertiesUtil.getProperties(PropertiesUtil.java:30)]- 环境配置文件读取异常,请检查配置文件,FileNotFoundException,error:java.io.FileNotFoundException: file:/Users/liuxiangdong/Desktop/THY/.m2/repository/com/axxqa/automation/axxqa-automation-service/1.0-SNAPSHOT/axxqa-automation-service-1.0-20200730.094812-10.jar!/host.properties (No such file or directory)
	at java.io.FileInputStream.open0(Native Method)
	at java.io.FileInputStream.open(FileInputStream.java:195)
	at java.io.FileInputStream.<init>(FileInputStream.java:138)
	at java.io.FileInputStream.<init>(FileInputStream.java:93)
	at com.axxqa.automation.utils.PropertiesUtil.getProperties(PropertiesUtil.java:26)
	at com.axxqa.automation.utils.DnsUtil.<init>(DnsUtil.java:19)
	at com.axxqa.automation.utils.DnsUtil.initDns(DnsUtil.java:33)
	at com.axxqa.automation.AutomationTestBase.<init>(AutomationTestBase.java:18)
	at cases.login.AuthKeyTest.<init>(AuthKeyTest.java:17)
	at sun.reflect.NativeConstructorAccessorImpl.newInstance0(Native Method)
	at sun.reflect.NativeConstructorAccessorImpl.newInstance(NativeConstructorAccessorImpl.java:62)
	at sun.reflect.DelegatingConstructorAccessorImpl.newInstance(DelegatingConstructorAccessorImpl.java:45)
	at java.lang.reflect.Constructor.newInstance(Constructor.java:423)
	at org.testng.internal.ObjectFactoryImpl.newInstance(ObjectFactoryImpl.java:24)
	at org.testng.internal.ClassHelper.createInstance1(ClassHelper.java:423)
	at org.testng.internal.ClassHelper.createInstance(ClassHelper.java:336)
	at org.testng.internal.ClassImpl.getDefaultInstance(ClassImpl.java:125)
	at org.testng.internal.ClassImpl.getInstances(ClassImpl.java:190)
	at org.testng.TestClass.getInstances(TestClass.java:95)
	at org.testng.TestClass.initTestClassesAndInstances(TestClass.java:81)
	at org.testng.TestClass.init(TestClass.java:73)
	at org.testng.TestClass.<init>(TestClass.java:38)
	at org.testng.TestRunner.initMethods(TestRunner.java:389)
	at org.testng.TestRunner.init(TestRunner.java:271)
	at org.testng.TestRunner.init(TestRunner.java:241)
	at org.testng.TestRunner.<init>(TestRunner.java:167)
	at org.testng.SuiteRunner$DefaultTestRunnerFactory.newTestRunner(SuiteRunner.java:663)
	at org.testng.SuiteRunner.init(SuiteRunner.java:260)
	at org.testng.SuiteRunner.<init>(SuiteRunner.java:198)
	at org.testng.TestNG.createSuiteRunner(TestNG.java:1295)
	at org.testng.TestNG.createSuiteRunners(TestNG.java:1273)
	at org.testng.TestNG.runSuitesLocally(TestNG.java:1128)
	at org.testng.TestNG.runSuites(TestNG.java:1049)
	at org.testng.TestNG.run(TestNG.java:1017)
	at org.testng.IDEARemoteTestNG.run(IDEARemoteTestNG.java:73)
	at org.testng.RemoteTestNGStarter.main(RemoteTestNGStarter.java:123)

[2020-10-24 19:02:49] [INFO][main][com.axxqa.automation.utils.DnsUtil.<init>(DnsUtil.java:22)]- 加载dns文件成功, 环境env:product, 文件:host.properties, count:0
[2020-10-24 19:02:50] [INFO][main][com.axxqa.automation.http.HttpLogger.log(HttpLogger.java:40)]- *********************** Http Request START *********************** 
--> POST https://teachapi.aixuexi.com/live/auth/key http/1.1
Content-Length: 0
Host: teachapi.aixuexi.com
Connection: Keep-Alive
Accept-Encoding: gzip
User-Agent: okhttp/3.14.2


--> END POST (0-byte body)

<-- 200 OK https://teachapi.aixuexi.com/live/auth/key (132ms)
Access-Control-Max-Age: 1800
Content-Encoding: gzip
Content-Type: application/json;charset=UTF-8
Date: Sat, 24 Oct 2020 11:02:50 GMT
Set-Cookie: __secdyid=0501f57dfd1c657702a072acb9c6f0ef6a271212105d8475021603537370; Expires=Sun, 24 Oct 2021 11:02:50 GMT; HttpOnly
Set-Cookie: SERVERID=c19322fb0c4b53707f6f1dd7ef47c90c|1603537370|1603537370;Path=/
Vary: Accept-Encoding
Vary: Origin
Vary: Access-Control-Request-Method
Vary: Access-Control-Request-Headers
Vary: Origin
Vary: Access-Control-Request-Method
Vary: Access-Control-Request-Headers
Content-Length: 285

{
	"data":"MIGfMA0GCSqGSIb3DQEBAQUAA4GNADCBiQKBgQDRreBo+uELZ5FCFqhJfN5pPZvo98HNkuMA/BMaM74r2KHAjmMG2PE8r2wMtNV7MFuxzyIN7LA+AYsZBzcAGDZzvbntidzfiZsQXrqrsHYWC3OiFKqeWZNcfnMbqij5TTDJ/caCjn2BjnELUsabhHGfFQjJx63Dsh+ZsV7Y0BTwXwIDAQAB",
	"timestamp":"2020-10-24 19:02:50",
	"code":"SUCCESS",
	"msg":"成功"
}
<-- END HTTP (293-byte, 285-gzipped-byte body)

[2020-10-24 19:02:50] [INFO][main][com.axxqa.automation.http.HttpLogger.log(HttpLogger.java:41)]- *********************** Http Response END ***********************
[2020-10-24 19:37:26] [INFO][main][com.axxqa.automation.utils.DnsUtil.<init>(DnsUtil.java:17)]- *********** 加载dns文件, 环境env:product, 文件:host.properties ******** 
[2020-10-24 19:37:26] [ERROR][main][com.axxqa.automation.utils.PropertiesUtil.getProperties(PropertiesUtil.java:30)]- 环境配置文件读取异常,请检查配置文件,FileNotFoundException,error:java.io.FileNotFoundException: file:/Users/liuxiangdong/Desktop/THY/.m2/repository/com/axxqa/automation/axxqa-automation-service/1.0-SNAPSHOT/axxqa-automation-service-1.0-20200730.094812-10.jar!/host.properties (No such file or directory)
	at java.io.FileInputStream.open0(Native Method)
	at java.io.FileInputStream.open(FileInputStream.java:195)
	at java.io.FileInputStream.<init>(FileInputStream.java:138)
	at java.io.FileInputStream.<init>(FileInputStream.java:93)
	at com.axxqa.automation.utils.PropertiesUtil.getProperties(PropertiesUtil.java:26)
	at com.axxqa.automation.utils.DnsUtil.<init>(DnsUtil.java:19)
	at com.axxqa.automation.utils.DnsUtil.initDns(DnsUtil.java:33)
	at com.axxqa.automation.AutomationTestBase.<init>(AutomationTestBase.java:18)
	at cases.login.AuthKeyTest.<init>(AuthKeyTest.java:17)
	at sun.reflect.NativeConstructorAccessorImpl.newInstance0(Native Method)
	at sun.reflect.NativeConstructorAccessorImpl.newInstance(NativeConstructorAccessorImpl.java:62)
	at sun.reflect.DelegatingConstructorAccessorImpl.newInstance(DelegatingConstructorAccessorImpl.java:45)
	at java.lang.reflect.Constructor.newInstance(Constructor.java:423)
	at org.testng.internal.ObjectFactoryImpl.newInstance(ObjectFactoryImpl.java:24)
	at org.testng.internal.ClassHelper.createInstance1(ClassHelper.java:423)
	at org.testng.internal.ClassHelper.createInstance(ClassHelper.java:336)
	at org.testng.internal.ClassImpl.getDefaultInstance(ClassImpl.java:125)
	at org.testng.internal.ClassImpl.getInstances(ClassImpl.java:190)
	at org.testng.TestClass.getInstances(TestClass.java:95)
	at org.testng.TestClass.initTestClassesAndInstances(TestClass.java:81)
	at org.testng.TestClass.init(TestClass.java:73)
	at org.testng.TestClass.<init>(TestClass.java:38)
	at org.testng.TestRunner.initMethods(TestRunner.java:389)
	at org.testng.TestRunner.init(TestRunner.java:271)
	at org.testng.TestRunner.init(TestRunner.java:241)
	at org.testng.TestRunner.<init>(TestRunner.java:167)
	at org.testng.SuiteRunner$DefaultTestRunnerFactory.newTestRunner(SuiteRunner.java:663)
	at org.testng.SuiteRunner.init(SuiteRunner.java:260)
	at org.testng.SuiteRunner.<init>(SuiteRunner.java:198)
	at org.testng.TestNG.createSuiteRunner(TestNG.java:1295)
	at org.testng.TestNG.createSuiteRunners(TestNG.java:1273)
	at org.testng.TestNG.runSuitesLocally(TestNG.java:1128)
	at org.testng.TestNG.runSuites(TestNG.java:1049)
	at org.testng.TestNG.run(TestNG.java:1017)
	at org.testng.IDEARemoteTestNG.run(IDEARemoteTestNG.java:73)
	at org.testng.RemoteTestNGStarter.main(RemoteTestNGStarter.java:123)

[2020-10-24 19:37:26] [INFO][main][com.axxqa.automation.utils.DnsUtil.<init>(DnsUtil.java:22)]- 加载dns文件成功, 环境env:product, 文件:host.properties, count:0
[2020-10-24 19:37:27] [INFO][main][com.axxqa.automation.http.HttpLogger.log(HttpLogger.java:40)]- *********************** Http Request START *********************** 
--> POST https://teachapi.aixuexi.com/live/auth/key http/1.1
Content-Length: 0
Host: teachapi.aixuexi.com
Connection: Keep-Alive
Accept-Encoding: gzip
User-Agent: okhttp/3.14.2


--> END POST (0-byte body)

<-- 200 OK https://teachapi.aixuexi.com/live/auth/key (133ms)
Access-Control-Max-Age: 1800
Content-Encoding: gzip
Content-Type: application/json;charset=UTF-8
Date: Sat, 24 Oct 2020 11:37:27 GMT
Set-Cookie: __secdyid=412a7a502b60c44b87a8297db521e0f96a27121202bc1fa4021603539447; Expires=Sun, 24 Oct 2021 11:37:27 GMT; HttpOnly
Set-Cookie: SERVERID=c19322fb0c4b53707f6f1dd7ef47c90c|1603539447|1603539447;Path=/
Vary: Accept-Encoding
Vary: Origin
Vary: Access-Control-Request-Method
Vary: Access-Control-Request-Headers
Vary: Origin
Vary: Access-Control-Request-Method
Vary: Access-Control-Request-Headers
Content-Length: 285

{
	"data":"MIGfMA0GCSqGSIb3DQEBAQUAA4GNADCBiQKBgQDRreBo+uELZ5FCFqhJfN5pPZvo98HNkuMA/BMaM74r2KHAjmMG2PE8r2wMtNV7MFuxzyIN7LA+AYsZBzcAGDZzvbntidzfiZsQXrqrsHYWC3OiFKqeWZNcfnMbqij5TTDJ/caCjn2BjnELUsabhHGfFQjJx63Dsh+ZsV7Y0BTwXwIDAQAB",
	"timestamp":"2020-10-24 19:37:27",
	"code":"SUCCESS",
	"msg":"成功"
}
<-- END HTTP (293-byte, 285-gzipped-byte body)

[2020-10-24 19:37:27] [INFO][main][com.axxqa.automation.http.HttpLogger.log(HttpLogger.java:41)]- *********************** Http Response END ***********************
[2020-10-24 19:53:35] [INFO][main][com.axxqa.automation.utils.DnsUtil.<init>(DnsUtil.java:17)]- *********** 加载dns文件, 环境env:product, 文件:host.properties ******** 
[2020-10-24 19:53:35] [ERROR][main][com.axxqa.automation.utils.PropertiesUtil.getProperties(PropertiesUtil.java:30)]- 环境配置文件读取异常,请检查配置文件,FileNotFoundException,error:java.io.FileNotFoundException: file:/Users/liuxiangdong/Desktop/THY/.m2/repository/com/axxqa/automation/axxqa-automation-service/1.0-SNAPSHOT/axxqa-automation-service-1.0-20200730.094812-10.jar!/host.properties (No such file or directory)
	at java.io.FileInputStream.open0(Native Method)
	at java.io.FileInputStream.open(FileInputStream.java:195)
	at java.io.FileInputStream.<init>(FileInputStream.java:138)
	at java.io.FileInputStream.<init>(FileInputStream.java:93)
	at com.axxqa.automation.utils.PropertiesUtil.getProperties(PropertiesUtil.java:26)
	at com.axxqa.automation.utils.DnsUtil.<init>(DnsUtil.java:19)
	at com.axxqa.automation.utils.DnsUtil.initDns(DnsUtil.java:33)
	at com.axxqa.automation.AutomationTestBase.<init>(AutomationTestBase.java:18)
	at cases.login.AuthKeyTest.<init>(AuthKeyTest.java:17)
	at sun.reflect.NativeConstructorAccessorImpl.newInstance0(Native Method)
	at sun.reflect.NativeConstructorAccessorImpl.newInstance(NativeConstructorAccessorImpl.java:62)
	at sun.reflect.DelegatingConstructorAccessorImpl.newInstance(DelegatingConstructorAccessorImpl.java:45)
	at java.lang.reflect.Constructor.newInstance(Constructor.java:423)
	at org.testng.internal.ObjectFactoryImpl.newInstance(ObjectFactoryImpl.java:24)
	at org.testng.internal.ClassHelper.createInstance1(ClassHelper.java:423)
	at org.testng.internal.ClassHelper.createInstance(ClassHelper.java:336)
	at org.testng.internal.ClassImpl.getDefaultInstance(ClassImpl.java:125)
	at org.testng.internal.ClassImpl.getInstances(ClassImpl.java:190)
	at org.testng.TestClass.getInstances(TestClass.java:95)
	at org.testng.TestClass.initTestClassesAndInstances(TestClass.java:81)
	at org.testng.TestClass.init(TestClass.java:73)
	at org.testng.TestClass.<init>(TestClass.java:38)
	at org.testng.TestRunner.initMethods(TestRunner.java:389)
	at org.testng.TestRunner.init(TestRunner.java:271)
	at org.testng.TestRunner.init(TestRunner.java:241)
	at org.testng.TestRunner.<init>(TestRunner.java:167)
	at org.testng.SuiteRunner$DefaultTestRunnerFactory.newTestRunner(SuiteRunner.java:663)
	at org.testng.SuiteRunner.init(SuiteRunner.java:260)
	at org.testng.SuiteRunner.<init>(SuiteRunner.java:198)
	at org.testng.TestNG.createSuiteRunner(TestNG.java:1295)
	at org.testng.TestNG.createSuiteRunners(TestNG.java:1273)
	at org.testng.TestNG.runSuitesLocally(TestNG.java:1128)
	at org.testng.TestNG.runSuites(TestNG.java:1049)
	at org.testng.TestNG.run(TestNG.java:1017)
	at org.testng.IDEARemoteTestNG.run(IDEARemoteTestNG.java:73)
	at org.testng.RemoteTestNGStarter.main(RemoteTestNGStarter.java:123)

[2020-10-24 19:53:35] [INFO][main][com.axxqa.automation.utils.DnsUtil.<init>(DnsUtil.java:22)]- 加载dns文件成功, 环境env:product, 文件:host.properties, count:0
[2020-10-24 19:53:37] [INFO][main][com.axxqa.automation.http.HttpLogger.log(HttpLogger.java:40)]- *********************** Http Request START *********************** 
--> POST https://teachapi.aixuexi.com/live/auth/key http/1.1
Content-Length: 0
Host: teachapi.aixuexi.com
Connection: Keep-Alive
Accept-Encoding: gzip
User-Agent: okhttp/3.14.2


--> END POST (0-byte body)

<-- 200 OK https://teachapi.aixuexi.com/live/auth/key (135ms)
Access-Control-Max-Age: 1800
Content-Encoding: gzip
Content-Type: application/json;charset=UTF-8
Date: Sat, 24 Oct 2020 11:53:37 GMT
Set-Cookie: __secdyid=e7ea2a8dba2785c927e2cda94a07323d6a27121285bc0796021603540417; Expires=Sun, 24 Oct 2021 11:53:37 GMT; HttpOnly
Set-Cookie: SERVERID=c849f99303dddb1b86fe107576f3670b|1603540417|1603540417;Path=/
Vary: Accept-Encoding
Vary: Origin
Vary: Access-Control-Request-Method
Vary: Access-Control-Request-Headers
Vary: Origin
Vary: Access-Control-Request-Method
Vary: Access-Control-Request-Headers
Content-Length: 284

{
	"data":"MIGfMA0GCSqGSIb3DQEBAQUAA4GNADCBiQKBgQDRreBo+uELZ5FCFqhJfN5pPZvo98HNkuMA/BMaM74r2KHAjmMG2PE8r2wMtNV7MFuxzyIN7LA+AYsZBzcAGDZzvbntidzfiZsQXrqrsHYWC3OiFKqeWZNcfnMbqij5TTDJ/caCjn2BjnELUsabhHGfFQjJx63Dsh+ZsV7Y0BTwXwIDAQAB",
	"timestamp":"2020-10-24 19:53:37",
	"code":"SUCCESS",
	"msg":"成功"
}
<-- END HTTP (293-byte, 284-gzipped-byte body)

[2020-10-24 19:53:37] [INFO][main][com.axxqa.automation.http.HttpLogger.log(HttpLogger.java:41)]- *********************** Http Response END ***********************
[2020-10-24 19:55:13] [INFO][main][com.axxqa.automation.utils.DnsUtil.<init>(DnsUtil.java:17)]- *********** 加载dns文件, 环境env:product, 文件:host.properties ******** 
[2020-10-24 19:55:13] [ERROR][main][com.axxqa.automation.utils.PropertiesUtil.getProperties(PropertiesUtil.java:30)]- 环境配置文件读取异常,请检查配置文件,FileNotFoundException,error:java.io.FileNotFoundException: file:/Users/liuxiangdong/Desktop/THY/.m2/repository/com/axxqa/automation/axxqa-automation-service/1.0-SNAPSHOT/axxqa-automation-service-1.0-20200730.094812-10.jar!/host.properties (No such file or directory)
	at java.io.FileInputStream.open0(Native Method)
	at java.io.FileInputStream.open(FileInputStream.java:195)
	at java.io.FileInputStream.<init>(FileInputStream.java:138)
	at java.io.FileInputStream.<init>(FileInputStream.java:93)
	at com.axxqa.automation.utils.PropertiesUtil.getProperties(PropertiesUtil.java:26)
	at com.axxqa.automation.utils.DnsUtil.<init>(DnsUtil.java:19)
	at com.axxqa.automation.utils.DnsUtil.initDns(DnsUtil.java:33)
	at com.axxqa.automation.AutomationTestBase.<init>(AutomationTestBase.java:18)
	at cases.login.AuthKeyTest.<init>(AuthKeyTest.java:17)
	at sun.reflect.NativeConstructorAccessorImpl.newInstance0(Native Method)
	at sun.reflect.NativeConstructorAccessorImpl.newInstance(NativeConstructorAccessorImpl.java:62)
	at sun.reflect.DelegatingConstructorAccessorImpl.newInstance(DelegatingConstructorAccessorImpl.java:45)
	at java.lang.reflect.Constructor.newInstance(Constructor.java:423)
	at org.testng.internal.ObjectFactoryImpl.newInstance(ObjectFactoryImpl.java:24)
	at org.testng.internal.ClassHelper.createInstance1(ClassHelper.java:423)
	at org.testng.internal.ClassHelper.createInstance(ClassHelper.java:336)
	at org.testng.internal.ClassImpl.getDefaultInstance(ClassImpl.java:125)
	at org.testng.internal.ClassImpl.getInstances(ClassImpl.java:190)
	at org.testng.TestClass.getInstances(TestClass.java:95)
	at org.testng.TestClass.initTestClassesAndInstances(TestClass.java:81)
	at org.testng.TestClass.init(TestClass.java:73)
	at org.testng.TestClass.<init>(TestClass.java:38)
	at org.testng.TestRunner.initMethods(TestRunner.java:389)
	at org.testng.TestRunner.init(TestRunner.java:271)
	at org.testng.TestRunner.init(TestRunner.java:241)
	at org.testng.TestRunner.<init>(TestRunner.java:167)
	at org.testng.SuiteRunner$DefaultTestRunnerFactory.newTestRunner(SuiteRunner.java:663)
	at org.testng.SuiteRunner.init(SuiteRunner.java:260)
	at org.testng.SuiteRunner.<init>(SuiteRunner.java:198)
	at org.testng.TestNG.createSuiteRunner(TestNG.java:1295)
	at org.testng.TestNG.createSuiteRunners(TestNG.java:1273)
	at org.testng.TestNG.runSuitesLocally(TestNG.java:1128)
	at org.testng.TestNG.runSuites(TestNG.java:1049)
	at org.testng.TestNG.run(TestNG.java:1017)
	at org.testng.IDEARemoteTestNG.run(IDEARemoteTestNG.java:73)
	at org.testng.RemoteTestNGStarter.main(RemoteTestNGStarter.java:123)

[2020-10-24 19:55:13] [INFO][main][com.axxqa.automation.utils.DnsUtil.<init>(DnsUtil.java:22)]- 加载dns文件成功, 环境env:product, 文件:host.properties, count:0
[2020-10-24 19:55:14] [INFO][main][com.axxqa.automation.http.HttpLogger.log(HttpLogger.java:40)]- *********************** Http Request START *********************** 
--> POST https://teachapi.aixuexi.com/live/auth/key http/1.1
Content-Length: 0
Host: teachapi.aixuexi.com
Connection: Keep-Alive
Accept-Encoding: gzip
User-Agent: okhttp/3.14.2


--> END POST (0-byte body)

<-- 200 OK https://teachapi.aixuexi.com/live/auth/key (137ms)
Access-Control-Max-Age: 1800
Content-Encoding: gzip
Content-Type: application/json;charset=UTF-8
Date: Sat, 24 Oct 2020 11:55:14 GMT
Set-Cookie: __secdyid=d77c4966aa0ed0505a4e2f7843ebb5cc6a27121223d2ce0e021603540514; Expires=Sun, 24 Oct 2021 11:55:14 GMT; HttpOnly
Set-Cookie: SERVERID=c19322fb0c4b53707f6f1dd7ef47c90c|1603540514|1603540514;Path=/
Vary: Accept-Encoding
Vary: Origin
Vary: Access-Control-Request-Method
Vary: Access-Control-Request-Headers
Vary: Origin
Vary: Access-Control-Request-Method
Vary: Access-Control-Request-Headers
Content-Length: 285

{
	"data":"MIGfMA0GCSqGSIb3DQEBAQUAA4GNADCBiQKBgQDRreBo+uELZ5FCFqhJfN5pPZvo98HNkuMA/BMaM74r2KHAjmMG2PE8r2wMtNV7MFuxzyIN7LA+AYsZBzcAGDZzvbntidzfiZsQXrqrsHYWC3OiFKqeWZNcfnMbqij5TTDJ/caCjn2BjnELUsabhHGfFQjJx63Dsh+ZsV7Y0BTwXwIDAQAB",
	"timestamp":"2020-10-24 19:55:14",
	"code":"SUCCESS",
	"msg":"成功"
}
<-- END HTTP (293-byte, 285-gzipped-byte body)

[2020-10-24 19:55:14] [INFO][main][com.axxqa.automation.http.HttpLogger.log(HttpLogger.java:41)]- *********************** Http Response END ***********************
[2020-10-24 19:56:38] [INFO][main][com.axxqa.automation.utils.DnsUtil.<init>(DnsUtil.java:17)]- *********** 加载dns文件, 环境env:product, 文件:host.properties ******** 
[2020-10-24 19:56:38] [ERROR][main][com.axxqa.automation.utils.PropertiesUtil.getProperties(PropertiesUtil.java:30)]- 环境配置文件读取异常,请检查配置文件,FileNotFoundException,error:java.io.FileNotFoundException: file:/Users/liuxiangdong/Desktop/THY/.m2/repository/com/axxqa/automation/axxqa-automation-service/1.0-SNAPSHOT/axxqa-automation-service-1.0-20200730.094812-10.jar!/host.properties (No such file or directory)
	at java.io.FileInputStream.open0(Native Method)
	at java.io.FileInputStream.open(FileInputStream.java:195)
	at java.io.FileInputStream.<init>(FileInputStream.java:138)
	at java.io.FileInputStream.<init>(FileInputStream.java:93)
	at com.axxqa.automation.utils.PropertiesUtil.getProperties(PropertiesUtil.java:26)
	at com.axxqa.automation.utils.DnsUtil.<init>(DnsUtil.java:19)
	at com.axxqa.automation.utils.DnsUtil.initDns(DnsUtil.java:33)
	at com.axxqa.automation.AutomationTestBase.<init>(AutomationTestBase.java:18)
	at cases.login.AuthKeyTest.<init>(AuthKeyTest.java:17)
	at sun.reflect.NativeConstructorAccessorImpl.newInstance0(Native Method)
	at sun.reflect.NativeConstructorAccessorImpl.newInstance(NativeConstructorAccessorImpl.java:62)
	at sun.reflect.DelegatingConstructorAccessorImpl.newInstance(DelegatingConstructorAccessorImpl.java:45)
	at java.lang.reflect.Constructor.newInstance(Constructor.java:423)
	at org.testng.internal.ObjectFactoryImpl.newInstance(ObjectFactoryImpl.java:24)
	at org.testng.internal.ClassHelper.createInstance1(ClassHelper.java:423)
	at org.testng.internal.ClassHelper.createInstance(ClassHelper.java:336)
	at org.testng.internal.ClassImpl.getDefaultInstance(ClassImpl.java:125)
	at org.testng.internal.ClassImpl.getInstances(ClassImpl.java:190)
	at org.testng.TestClass.getInstances(TestClass.java:95)
	at org.testng.TestClass.initTestClassesAndInstances(TestClass.java:81)
	at org.testng.TestClass.init(TestClass.java:73)
	at org.testng.TestClass.<init>(TestClass.java:38)
	at org.testng.TestRunner.initMethods(TestRunner.java:389)
	at org.testng.TestRunner.init(TestRunner.java:271)
	at org.testng.TestRunner.init(TestRunner.java:241)
	at org.testng.TestRunner.<init>(TestRunner.java:167)
	at org.testng.SuiteRunner$DefaultTestRunnerFactory.newTestRunner(SuiteRunner.java:663)
	at org.testng.SuiteRunner.init(SuiteRunner.java:260)
	at org.testng.SuiteRunner.<init>(SuiteRunner.java:198)
	at org.testng.TestNG.createSuiteRunner(TestNG.java:1295)
	at org.testng.TestNG.createSuiteRunners(TestNG.java:1273)
	at org.testng.TestNG.runSuitesLocally(TestNG.java:1128)
	at org.testng.TestNG.runSuites(TestNG.java:1049)
	at org.testng.TestNG.run(TestNG.java:1017)
	at org.testng.IDEARemoteTestNG.run(IDEARemoteTestNG.java:73)
	at org.testng.RemoteTestNGStarter.main(RemoteTestNGStarter.java:123)

[2020-10-24 19:56:38] [INFO][main][com.axxqa.automation.utils.DnsUtil.<init>(DnsUtil.java:22)]- 加载dns文件成功, 环境env:product, 文件:host.properties, count:0
[2020-10-24 19:56:40] [INFO][main][com.axxqa.automation.http.HttpLogger.log(HttpLogger.java:40)]- *********************** Http Request START *********************** 
--> POST https://teachapi.aixuexi.com/live/auth/key http/1.1
Content-Length: 0
Host: teachapi.aixuexi.com
Connection: Keep-Alive
Accept-Encoding: gzip
User-Agent: okhttp/3.14.2


--> END POST (0-byte body)

<-- 200 OK https://teachapi.aixuexi.com/live/auth/key (141ms)
Access-Control-Max-Age: 1800
Content-Encoding: gzip
Content-Type: application/json;charset=UTF-8
Date: Sat, 24 Oct 2020 11:56:39 GMT
Set-Cookie: __secdyid=b092ef0f9de504d4cd07821610f54d976a2712126aa9dc8d021603540599; Expires=Sun, 24 Oct 2021 11:56:39 GMT; HttpOnly
Set-Cookie: SERVERID=c849f99303dddb1b86fe107576f3670b|1603540599|1603540599;Path=/
Vary: Accept-Encoding
Vary: Origin
Vary: Access-Control-Request-Method
Vary: Access-Control-Request-Headers
Vary: Origin
Vary: Access-Control-Request-Method
Vary: Access-Control-Request-Headers
Content-Length: 285

{
	"data":"MIGfMA0GCSqGSIb3DQEBAQUAA4GNADCBiQKBgQDRreBo+uELZ5FCFqhJfN5pPZvo98HNkuMA/BMaM74r2KHAjmMG2PE8r2wMtNV7MFuxzyIN7LA+AYsZBzcAGDZzvbntidzfiZsQXrqrsHYWC3OiFKqeWZNcfnMbqij5TTDJ/caCjn2BjnELUsabhHGfFQjJx63Dsh+ZsV7Y0BTwXwIDAQAB",
	"timestamp":"2020-10-24 19:56:39",
	"code":"SUCCESS",
	"msg":"成功"
}
<-- END HTTP (293-byte, 285-gzipped-byte body)

[2020-10-24 19:56:40] [INFO][main][com.axxqa.automation.http.HttpLogger.log(HttpLogger.java:41)]- *********************** Http Response END ***********************
[2020-10-24 19:58:11] [INFO][main][com.axxqa.automation.utils.DnsUtil.<init>(DnsUtil.java:17)]- *********** 加载dns文件, 环境env:product, 文件:host.properties ******** 
[2020-10-24 19:58:11] [ERROR][main][com.axxqa.automation.utils.PropertiesUtil.getProperties(PropertiesUtil.java:30)]- 环境配置文件读取异常,请检查配置文件,FileNotFoundException,error:java.io.FileNotFoundException: file:/Users/liuxiangdong/Desktop/THY/.m2/repository/com/axxqa/automation/axxqa-automation-service/1.0-SNAPSHOT/axxqa-automation-service-1.0-20200730.094812-10.jar!/host.properties (No such file or directory)
	at java.io.FileInputStream.open0(Native Method)
	at java.io.FileInputStream.open(FileInputStream.java:195)
	at java.io.FileInputStream.<init>(FileInputStream.java:138)
	at java.io.FileInputStream.<init>(FileInputStream.java:93)
	at com.axxqa.automation.utils.PropertiesUtil.getProperties(PropertiesUtil.java:26)
	at com.axxqa.automation.utils.DnsUtil.<init>(DnsUtil.java:19)
	at com.axxqa.automation.utils.DnsUtil.initDns(DnsUtil.java:33)
	at com.axxqa.automation.AutomationTestBase.<init>(AutomationTestBase.java:18)
	at cases.login.AuthLoginTest.<init>(AuthLoginTest.java:20)
	at sun.reflect.NativeConstructorAccessorImpl.newInstance0(Native Method)
	at sun.reflect.NativeConstructorAccessorImpl.newInstance(NativeConstructorAccessorImpl.java:62)
	at sun.reflect.DelegatingConstructorAccessorImpl.newInstance(DelegatingConstructorAccessorImpl.java:45)
	at java.lang.reflect.Constructor.newInstance(Constructor.java:423)
	at org.testng.internal.ObjectFactoryImpl.newInstance(ObjectFactoryImpl.java:24)
	at org.testng.internal.ClassHelper.createInstance1(ClassHelper.java:423)
	at org.testng.internal.ClassHelper.createInstance(ClassHelper.java:336)
	at org.testng.internal.ClassImpl.getDefaultInstance(ClassImpl.java:125)
	at org.testng.internal.ClassImpl.getInstances(ClassImpl.java:190)
	at org.testng.TestClass.getInstances(TestClass.java:95)
	at org.testng.TestClass.initTestClassesAndInstances(TestClass.java:81)
	at org.testng.TestClass.init(TestClass.java:73)
	at org.testng.TestClass.<init>(TestClass.java:38)
	at org.testng.TestRunner.initMethods(TestRunner.java:389)
	at org.testng.TestRunner.init(TestRunner.java:271)
	at org.testng.TestRunner.init(TestRunner.java:241)
	at org.testng.TestRunner.<init>(TestRunner.java:167)
	at org.testng.SuiteRunner$DefaultTestRunnerFactory.newTestRunner(SuiteRunner.java:663)
	at org.testng.SuiteRunner.init(SuiteRunner.java:260)
	at org.testng.SuiteRunner.<init>(SuiteRunner.java:198)
	at org.testng.TestNG.createSuiteRunner(TestNG.java:1295)
	at org.testng.TestNG.createSuiteRunners(TestNG.java:1273)
	at org.testng.TestNG.runSuitesLocally(TestNG.java:1128)
	at org.testng.TestNG.runSuites(TestNG.java:1049)
	at org.testng.TestNG.run(TestNG.java:1017)
	at org.testng.IDEARemoteTestNG.run(IDEARemoteTestNG.java:73)
	at org.testng.RemoteTestNGStarter.main(RemoteTestNGStarter.java:123)

[2020-10-24 19:58:11] [INFO][main][com.axxqa.automation.utils.DnsUtil.<init>(DnsUtil.java:22)]- 加载dns文件成功, 环境env:product, 文件:host.properties, count:0
[2020-10-24 19:58:34] [INFO][main][com.axxqa.automation.utils.DnsUtil.<init>(DnsUtil.java:17)]- *********** 加载dns文件, 环境env:product, 文件:host.properties ******** 
[2020-10-24 19:58:34] [ERROR][main][com.axxqa.automation.utils.PropertiesUtil.getProperties(PropertiesUtil.java:30)]- 环境配置文件读取异常,请检查配置文件,FileNotFoundException,error:java.io.FileNotFoundException: file:/Users/liuxiangdong/Desktop/THY/.m2/repository/com/axxqa/automation/axxqa-automation-service/1.0-SNAPSHOT/axxqa-automation-service-1.0-20200730.094812-10.jar!/host.properties (No such file or directory)
	at java.io.FileInputStream.open0(Native Method)
	at java.io.FileInputStream.open(FileInputStream.java:195)
	at java.io.FileInputStream.<init>(FileInputStream.java:138)
	at java.io.FileInputStream.<init>(FileInputStream.java:93)
	at com.axxqa.automation.utils.PropertiesUtil.getProperties(PropertiesUtil.java:26)
	at com.axxqa.automation.utils.DnsUtil.<init>(DnsUtil.java:19)
	at com.axxqa.automation.utils.DnsUtil.initDns(DnsUtil.java:33)
	at com.axxqa.automation.AutomationTestBase.<init>(AutomationTestBase.java:18)
	at cases.login.AuthLoginTest.<init>(AuthLoginTest.java:20)
	at sun.reflect.NativeConstructorAccessorImpl.newInstance0(Native Method)
	at sun.reflect.NativeConstructorAccessorImpl.newInstance(NativeConstructorAccessorImpl.java:62)
	at sun.reflect.DelegatingConstructorAccessorImpl.newInstance(DelegatingConstructorAccessorImpl.java:45)
	at java.lang.reflect.Constructor.newInstance(Constructor.java:423)
	at org.testng.internal.ObjectFactoryImpl.newInstance(ObjectFactoryImpl.java:24)
	at org.testng.internal.ClassHelper.createInstance1(ClassHelper.java:423)
	at org.testng.internal.ClassHelper.createInstance(ClassHelper.java:336)
	at org.testng.internal.ClassImpl.getDefaultInstance(ClassImpl.java:125)
	at org.testng.internal.ClassImpl.getInstances(ClassImpl.java:190)
	at org.testng.TestClass.getInstances(TestClass.java:95)
	at org.testng.TestClass.initTestClassesAndInstances(TestClass.java:81)
	at org.testng.TestClass.init(TestClass.java:73)
	at org.testng.TestClass.<init>(TestClass.java:38)
	at org.testng.TestRunner.initMethods(TestRunner.java:389)
	at org.testng.TestRunner.init(TestRunner.java:271)
	at org.testng.TestRunner.init(TestRunner.java:241)
	at org.testng.TestRunner.<init>(TestRunner.java:167)
	at org.testng.SuiteRunner$DefaultTestRunnerFactory.newTestRunner(SuiteRunner.java:663)
	at org.testng.SuiteRunner.init(SuiteRunner.java:260)
	at org.testng.SuiteRunner.<init>(SuiteRunner.java:198)
	at org.testng.TestNG.createSuiteRunner(TestNG.java:1295)
	at org.testng.TestNG.createSuiteRunners(TestNG.java:1273)
	at org.testng.TestNG.runSuitesLocally(TestNG.java:1128)
	at org.testng.TestNG.runSuites(TestNG.java:1049)
	at org.testng.TestNG.run(TestNG.java:1017)
	at org.testng.IDEARemoteTestNG.run(IDEARemoteTestNG.java:73)
	at org.testng.RemoteTestNGStarter.main(RemoteTestNGStarter.java:123)

[2020-10-24 19:58:34] [INFO][main][com.axxqa.automation.utils.DnsUtil.<init>(DnsUtil.java:22)]- 加载dns文件成功, 环境env:product, 文件:host.properties, count:0
[2020-10-24 19:58:59] [INFO][main][com.axxqa.automation.utils.DnsUtil.<init>(DnsUtil.java:17)]- *********** 加载dns文件, 环境env:product, 文件:host.properties ******** 
[2020-10-24 19:58:59] [ERROR][main][com.axxqa.automation.utils.PropertiesUtil.getProperties(PropertiesUtil.java:30)]- 环境配置文件读取异常,请检查配置文件,FileNotFoundException,error:java.io.FileNotFoundException: file:/Users/liuxiangdong/Desktop/THY/.m2/repository/com/axxqa/automation/axxqa-automation-service/1.0-SNAPSHOT/axxqa-automation-service-1.0-20200730.094812-10.jar!/host.properties (No such file or directory)
	at java.io.FileInputStream.open0(Native Method)
	at java.io.FileInputStream.open(FileInputStream.java:195)
	at java.io.FileInputStream.<init>(FileInputStream.java:138)
	at java.io.FileInputStream.<init>(FileInputStream.java:93)
	at com.axxqa.automation.utils.PropertiesUtil.getProperties(PropertiesUtil.java:26)
	at com.axxqa.automation.utils.DnsUtil.<init>(DnsUtil.java:19)
	at com.axxqa.automation.utils.DnsUtil.initDns(DnsUtil.java:33)
	at com.axxqa.automation.AutomationTestBase.<init>(AutomationTestBase.java:18)
	at cases.login.AuthLoginTest.<init>(AuthLoginTest.java:20)
	at sun.reflect.NativeConstructorAccessorImpl.newInstance0(Native Method)
	at sun.reflect.NativeConstructorAccessorImpl.newInstance(NativeConstructorAccessorImpl.java:62)
	at sun.reflect.DelegatingConstructorAccessorImpl.newInstance(DelegatingConstructorAccessorImpl.java:45)
	at java.lang.reflect.Constructor.newInstance(Constructor.java:423)
	at org.testng.internal.ObjectFactoryImpl.newInstance(ObjectFactoryImpl.java:24)
	at org.testng.internal.ClassHelper.createInstance1(ClassHelper.java:423)
	at org.testng.internal.ClassHelper.createInstance(ClassHelper.java:336)
	at org.testng.internal.ClassImpl.getDefaultInstance(ClassImpl.java:125)
	at org.testng.internal.ClassImpl.getInstances(ClassImpl.java:190)
	at org.testng.TestClass.getInstances(TestClass.java:95)
	at org.testng.TestClass.initTestClassesAndInstances(TestClass.java:81)
	at org.testng.TestClass.init(TestClass.java:73)
	at org.testng.TestClass.<init>(TestClass.java:38)
	at org.testng.TestRunner.initMethods(TestRunner.java:389)
	at org.testng.TestRunner.init(TestRunner.java:271)
	at org.testng.TestRunner.init(TestRunner.java:241)
	at org.testng.TestRunner.<init>(TestRunner.java:167)
	at org.testng.SuiteRunner$DefaultTestRunnerFactory.newTestRunner(SuiteRunner.java:663)
	at org.testng.SuiteRunner.init(SuiteRunner.java:260)
	at org.testng.SuiteRunner.<init>(SuiteRunner.java:198)
	at org.testng.TestNG.createSuiteRunner(TestNG.java:1295)
	at org.testng.TestNG.createSuiteRunners(TestNG.java:1273)
	at org.testng.TestNG.runSuitesLocally(TestNG.java:1128)
	at org.testng.TestNG.runSuites(TestNG.java:1049)
	at org.testng.TestNG.run(TestNG.java:1017)
	at org.testng.IDEARemoteTestNG.run(IDEARemoteTestNG.java:73)
	at org.testng.RemoteTestNGStarter.main(RemoteTestNGStarter.java:123)

[2020-10-24 19:58:59] [INFO][main][com.axxqa.automation.utils.DnsUtil.<init>(DnsUtil.java:22)]- 加载dns文件成功, 环境env:product, 文件:host.properties, count:0
[2020-10-24 20:38:44] [INFO][main][com.axxqa.automation.utils.DnsUtil.<init>(DnsUtil.java:17)]- *********** 加载dns文件, 环境env:product, 文件:host.properties ******** 
[2020-10-24 20:38:44] [ERROR][main][com.axxqa.automation.utils.PropertiesUtil.getProperties(PropertiesUtil.java:30)]- 环境配置文件读取异常,请检查配置文件,FileNotFoundException,error:java.io.FileNotFoundException: file:/Users/liuxiangdong/Desktop/THY/.m2/repository/com/axxqa/automation/axxqa-automation-service/1.0-SNAPSHOT/axxqa-automation-service-1.0-20200730.094812-10.jar!/host.properties (No such file or directory)
	at java.io.FileInputStream.open0(Native Method)
	at java.io.FileInputStream.open(FileInputStream.java:195)
	at java.io.FileInputStream.<init>(FileInputStream.java:138)
	at java.io.FileInputStream.<init>(FileInputStream.java:93)
	at com.axxqa.automation.utils.PropertiesUtil.getProperties(PropertiesUtil.java:26)
	at com.axxqa.automation.utils.DnsUtil.<init>(DnsUtil.java:19)
	at com.axxqa.automation.utils.DnsUtil.initDns(DnsUtil.java:33)
	at com.axxqa.automation.AutomationTestBase.<init>(AutomationTestBase.java:18)
	at cases.login.AuthKeyTest.<init>(AuthKeyTest.java:17)
	at sun.reflect.NativeConstructorAccessorImpl.newInstance0(Native Method)
	at sun.reflect.NativeConstructorAccessorImpl.newInstance(NativeConstructorAccessorImpl.java:62)
	at sun.reflect.DelegatingConstructorAccessorImpl.newInstance(DelegatingConstructorAccessorImpl.java:45)
	at java.lang.reflect.Constructor.newInstance(Constructor.java:423)
	at org.testng.internal.ObjectFactoryImpl.newInstance(ObjectFactoryImpl.java:24)
	at org.testng.internal.ClassHelper.createInstance1(ClassHelper.java:423)
	at org.testng.internal.ClassHelper.createInstance(ClassHelper.java:336)
	at org.testng.internal.ClassImpl.getDefaultInstance(ClassImpl.java:125)
	at org.testng.internal.ClassImpl.getInstances(ClassImpl.java:190)
	at org.testng.TestClass.getInstances(TestClass.java:95)
	at org.testng.TestClass.initTestClassesAndInstances(TestClass.java:81)
	at org.testng.TestClass.init(TestClass.java:73)
	at org.testng.TestClass.<init>(TestClass.java:38)
	at org.testng.TestRunner.initMethods(TestRunner.java:389)
	at org.testng.TestRunner.init(TestRunner.java:271)
	at org.testng.TestRunner.init(TestRunner.java:241)
	at org.testng.TestRunner.<init>(TestRunner.java:167)
	at org.testng.SuiteRunner$DefaultTestRunnerFactory.newTestRunner(SuiteRunner.java:663)
	at org.testng.SuiteRunner.init(SuiteRunner.java:260)
	at org.testng.SuiteRunner.<init>(SuiteRunner.java:198)
	at org.testng.TestNG.createSuiteRunner(TestNG.java:1295)
	at org.testng.TestNG.createSuiteRunners(TestNG.java:1273)
	at org.testng.TestNG.runSuitesLocally(TestNG.java:1128)
	at org.testng.TestNG.runSuites(TestNG.java:1049)
	at org.testng.TestNG.run(TestNG.java:1017)
	at org.testng.IDEARemoteTestNG.run(IDEARemoteTestNG.java:73)
	at org.testng.RemoteTestNGStarter.main(RemoteTestNGStarter.java:123)

[2020-10-24 20:38:44] [INFO][main][com.axxqa.automation.utils.DnsUtil.<init>(DnsUtil.java:22)]- 加载dns文件成功, 环境env:product, 文件:host.properties, count:0
[2020-10-24 20:39:40] [INFO][main][com.axxqa.automation.utils.DnsUtil.<init>(DnsUtil.java:17)]- *********** 加载dns文件, 环境env:product, 文件:host.properties ******** 
[2020-10-24 20:39:40] [ERROR][main][com.axxqa.automation.utils.PropertiesUtil.getProperties(PropertiesUtil.java:30)]- 环境配置文件读取异常,请检查配置文件,FileNotFoundException,error:java.io.FileNotFoundException: file:/Users/liuxiangdong/Desktop/THY/.m2/repository/com/axxqa/automation/axxqa-automation-service/1.0-SNAPSHOT/axxqa-automation-service-1.0-20200730.094812-10.jar!/host.properties (No such file or directory)
	at java.io.FileInputStream.open0(Native Method)
	at java.io.FileInputStream.open(FileInputStream.java:195)
	at java.io.FileInputStream.<init>(FileInputStream.java:138)
	at java.io.FileInputStream.<init>(FileInputStream.java:93)
	at com.axxqa.automation.utils.PropertiesUtil.getProperties(PropertiesUtil.java:26)
	at com.axxqa.automation.utils.DnsUtil.<init>(DnsUtil.java:19)
	at com.axxqa.automation.utils.DnsUtil.initDns(DnsUtil.java:33)
	at com.axxqa.automation.AutomationTestBase.<init>(AutomationTestBase.java:18)
	at cases.login.AuthKeyTest.<init>(AuthKeyTest.java:17)
	at sun.reflect.NativeConstructorAccessorImpl.newInstance0(Native Method)
	at sun.reflect.NativeConstructorAccessorImpl.newInstance(NativeConstructorAccessorImpl.java:62)
	at sun.reflect.DelegatingConstructorAccessorImpl.newInstance(DelegatingConstructorAccessorImpl.java:45)
	at java.lang.reflect.Constructor.newInstance(Constructor.java:423)
	at org.testng.internal.ObjectFactoryImpl.newInstance(ObjectFactoryImpl.java:24)
	at org.testng.internal.ClassHelper.createInstance1(ClassHelper.java:423)
	at org.testng.internal.ClassHelper.createInstance(ClassHelper.java:336)
	at org.testng.internal.ClassImpl.getDefaultInstance(ClassImpl.java:125)
	at org.testng.internal.ClassImpl.getInstances(ClassImpl.java:190)
	at org.testng.TestClass.getInstances(TestClass.java:95)
	at org.testng.TestClass.initTestClassesAndInstances(TestClass.java:81)
	at org.testng.TestClass.init(TestClass.java:73)
	at org.testng.TestClass.<init>(TestClass.java:38)
	at org.testng.TestRunner.initMethods(TestRunner.java:389)
	at org.testng.TestRunner.init(TestRunner.java:271)
	at org.testng.TestRunner.init(TestRunner.java:241)
	at org.testng.TestRunner.<init>(TestRunner.java:167)
	at org.testng.SuiteRunner$DefaultTestRunnerFactory.newTestRunner(SuiteRunner.java:663)
	at org.testng.SuiteRunner.init(SuiteRunner.java:260)
	at org.testng.SuiteRunner.<init>(SuiteRunner.java:198)
	at org.testng.TestNG.createSuiteRunner(TestNG.java:1295)
	at org.testng.TestNG.createSuiteRunners(TestNG.java:1273)
	at org.testng.TestNG.runSuitesLocally(TestNG.java:1128)
	at org.testng.TestNG.runSuites(TestNG.java:1049)
	at org.testng.TestNG.run(TestNG.java:1017)
	at org.testng.IDEARemoteTestNG.run(IDEARemoteTestNG.java:73)
	at org.testng.RemoteTestNGStarter.main(RemoteTestNGStarter.java:123)

[2020-10-24 20:39:40] [INFO][main][com.axxqa.automation.utils.DnsUtil.<init>(DnsUtil.java:22)]- 加载dns文件成功, 环境env:product, 文件:host.properties, count:0
[2020-10-24 21:06:54] [INFO][main][com.axxqa.automation.utils.DnsUtil.<init>(DnsUtil.java:17)]- *********** 加载dns文件, 环境env:product, 文件:host.properties ******** 
[2020-10-24 21:06:54] [ERROR][main][com.axxqa.automation.utils.PropertiesUtil.getProperties(PropertiesUtil.java:30)]- 环境配置文件读取异常,请检查配置文件,FileNotFoundException,error:java.io.FileNotFoundException: file:/Users/liuxiangdong/Desktop/THY/.m2/repository/com/axxqa/automation/axxqa-automation-service/1.0-SNAPSHOT/axxqa-automation-service-1.0-20200730.094812-10.jar!/host.properties (No such file or directory)
	at java.io.FileInputStream.open0(Native Method)
	at java.io.FileInputStream.open(FileInputStream.java:195)
	at java.io.FileInputStream.<init>(FileInputStream.java:138)
	at java.io.FileInputStream.<init>(FileInputStream.java:93)
	at com.axxqa.automation.utils.PropertiesUtil.getProperties(PropertiesUtil.java:26)
	at com.axxqa.automation.utils.DnsUtil.<init>(DnsUtil.java:19)
	at com.axxqa.automation.utils.DnsUtil.initDns(DnsUtil.java:33)
	at com.axxqa.automation.AutomationTestBase.<init>(AutomationTestBase.java:18)
	at cases.login.AuthKeyTest.<init>(AuthKeyTest.java:17)
	at sun.reflect.NativeConstructorAccessorImpl.newInstance0(Native Method)
	at sun.reflect.NativeConstructorAccessorImpl.newInstance(NativeConstructorAccessorImpl.java:62)
	at sun.reflect.DelegatingConstructorAccessorImpl.newInstance(DelegatingConstructorAccessorImpl.java:45)
	at java.lang.reflect.Constructor.newInstance(Constructor.java:423)
	at org.testng.internal.ObjectFactoryImpl.newInstance(ObjectFactoryImpl.java:24)
	at org.testng.internal.ClassHelper.createInstance1(ClassHelper.java:423)
	at org.testng.internal.ClassHelper.createInstance(ClassHelper.java:336)
	at org.testng.internal.ClassImpl.getDefaultInstance(ClassImpl.java:125)
	at org.testng.internal.ClassImpl.getInstances(ClassImpl.java:190)
	at org.testng.TestClass.getInstances(TestClass.java:95)
	at org.testng.TestClass.initTestClassesAndInstances(TestClass.java:81)
	at org.testng.TestClass.init(TestClass.java:73)
	at org.testng.TestClass.<init>(TestClass.java:38)
	at org.testng.TestRunner.initMethods(TestRunner.java:389)
	at org.testng.TestRunner.init(TestRunner.java:271)
	at org.testng.TestRunner.init(TestRunner.java:241)
	at org.testng.TestRunner.<init>(TestRunner.java:167)
	at org.testng.SuiteRunner$DefaultTestRunnerFactory.newTestRunner(SuiteRunner.java:663)
	at org.testng.SuiteRunner.init(SuiteRunner.java:260)
	at org.testng.SuiteRunner.<init>(SuiteRunner.java:198)
	at org.testng.TestNG.createSuiteRunner(TestNG.java:1295)
	at org.testng.TestNG.createSuiteRunners(TestNG.java:1273)
	at org.testng.TestNG.runSuitesLocally(TestNG.java:1128)
	at org.testng.TestNG.runSuites(TestNG.java:1049)
	at org.testng.TestNG.run(TestNG.java:1017)
	at org.testng.IDEARemoteTestNG.run(IDEARemoteTestNG.java:73)
	at org.testng.RemoteTestNGStarter.main(RemoteTestNGStarter.java:123)

[2020-10-24 21:06:54] [INFO][main][com.axxqa.automation.utils.DnsUtil.<init>(DnsUtil.java:22)]- 加载dns文件成功, 环境env:product, 文件:host.properties, count:0
[2020-10-24 21:06:55] [INFO][main][com.axxqa.automation.http.HttpLogger.log(HttpLogger.java:40)]- *********************** Http Request START *********************** 
--> POST https://teachapi.aixuexi.com/live/auth/key http/1.1
Content-Length: 0
Host: teachapi.aixuexi.com
Connection: Keep-Alive
Accept-Encoding: gzip
User-Agent: okhttp/3.14.2


--> END POST (0-byte body)

<-- 200 OK https://teachapi.aixuexi.com/live/auth/key (132ms)
Access-Control-Max-Age: 1800
Content-Encoding: gzip
Content-Type: application/json;charset=UTF-8
Date: Sat, 24 Oct 2020 13:06:57 GMT
Set-Cookie: __secdyid=45a7ae4fcd6115ab3ababda0b39e14056a2712128a6dea87021603544817; Expires=Sun, 24 Oct 2021 13:06:57 GMT; HttpOnly
Set-Cookie: SERVERID=c849f99303dddb1b86fe107576f3670b|1603544817|1603544817;Path=/
Vary: Accept-Encoding
Vary: Origin
Vary: Access-Control-Request-Method
Vary: Access-Control-Request-Headers
Vary: Origin
Vary: Access-Control-Request-Method
Vary: Access-Control-Request-Headers
Content-Length: 284

{
	"data":"MIGfMA0GCSqGSIb3DQEBAQUAA4GNADCBiQKBgQDRreBo+uELZ5FCFqhJfN5pPZvo98HNkuMA/BMaM74r2KHAjmMG2PE8r2wMtNV7MFuxzyIN7LA+AYsZBzcAGDZzvbntidzfiZsQXrqrsHYWC3OiFKqeWZNcfnMbqij5TTDJ/caCjn2BjnELUsabhHGfFQjJx63Dsh+ZsV7Y0BTwXwIDAQAB",
	"timestamp":"2020-10-24 21:06:57",
	"code":"SUCCESS",
	"msg":"成功"
}
<-- END HTTP (293-byte, 284-gzipped-byte body)

[2020-10-24 21:06:55] [INFO][main][com.axxqa.automation.http.HttpLogger.log(HttpLogger.java:41)]- *********************** Http Response END ***********************
[2020-10-24 21:08:20] [INFO][main][com.axxqa.automation.utils.DnsUtil.<init>(DnsUtil.java:17)]- *********** 加载dns文件, 环境env:product, 文件:host.properties ******** 
[2020-10-24 21:08:20] [ERROR][main][com.axxqa.automation.utils.PropertiesUtil.getProperties(PropertiesUtil.java:30)]- 环境配置文件读取异常,请检查配置文件,FileNotFoundException,error:java.io.FileNotFoundException: file:/Users/liuxiangdong/Desktop/THY/.m2/repository/com/axxqa/automation/axxqa-automation-service/1.0-SNAPSHOT/axxqa-automation-service-1.0-20200730.094812-10.jar!/host.properties (No such file or directory)
	at java.io.FileInputStream.open0(Native Method)
	at java.io.FileInputStream.open(FileInputStream.java:195)
	at java.io.FileInputStream.<init>(FileInputStream.java:138)
	at java.io.FileInputStream.<init>(FileInputStream.java:93)
	at com.axxqa.automation.utils.PropertiesUtil.getProperties(PropertiesUtil.java:26)
	at com.axxqa.automation.utils.DnsUtil.<init>(DnsUtil.java:19)
	at com.axxqa.automation.utils.DnsUtil.initDns(DnsUtil.java:33)
	at com.axxqa.automation.AutomationTestBase.<init>(AutomationTestBase.java:18)
	at cases.login.AuthKeyTest.<init>(AuthKeyTest.java:17)
	at sun.reflect.NativeConstructorAccessorImpl.newInstance0(Native Method)
	at sun.reflect.NativeConstructorAccessorImpl.newInstance(NativeConstructorAccessorImpl.java:62)
	at sun.reflect.DelegatingConstructorAccessorImpl.newInstance(DelegatingConstructorAccessorImpl.java:45)
	at java.lang.reflect.Constructor.newInstance(Constructor.java:423)
	at org.testng.internal.ObjectFactoryImpl.newInstance(ObjectFactoryImpl.java:24)
	at org.testng.internal.ClassHelper.createInstance1(ClassHelper.java:423)
	at org.testng.internal.ClassHelper.createInstance(ClassHelper.java:336)
	at org.testng.internal.ClassImpl.getDefaultInstance(ClassImpl.java:125)
	at org.testng.internal.ClassImpl.getInstances(ClassImpl.java:190)
	at org.testng.TestClass.getInstances(TestClass.java:95)
	at org.testng.TestClass.initTestClassesAndInstances(TestClass.java:81)
	at org.testng.TestClass.init(TestClass.java:73)
	at org.testng.TestClass.<init>(TestClass.java:38)
	at org.testng.TestRunner.initMethods(TestRunner.java:389)
	at org.testng.TestRunner.init(TestRunner.java:271)
	at org.testng.TestRunner.init(TestRunner.java:241)
	at org.testng.TestRunner.<init>(TestRunner.java:167)
	at org.testng.SuiteRunner$DefaultTestRunnerFactory.newTestRunner(SuiteRunner.java:663)
	at org.testng.SuiteRunner.init(SuiteRunner.java:260)
	at org.testng.SuiteRunner.<init>(SuiteRunner.java:198)
	at org.testng.TestNG.createSuiteRunner(TestNG.java:1295)
	at org.testng.TestNG.createSuiteRunners(TestNG.java:1273)
	at org.testng.TestNG.runSuitesLocally(TestNG.java:1128)
	at org.testng.TestNG.runSuites(TestNG.java:1049)
	at org.testng.TestNG.run(TestNG.java:1017)
	at org.testng.IDEARemoteTestNG.run(IDEARemoteTestNG.java:73)
	at org.testng.RemoteTestNGStarter.main(RemoteTestNGStarter.java:123)

[2020-10-24 21:08:20] [INFO][main][com.axxqa.automation.utils.DnsUtil.<init>(DnsUtil.java:22)]- 加载dns文件成功, 环境env:product, 文件:host.properties, count:0
[2020-10-24 21:08:21] [INFO][main][com.axxqa.automation.http.HttpLogger.log(HttpLogger.java:40)]- *********************** Http Request START *********************** 
--> POST https://teachapi.aixuexi.com/live/auth/key http/1.1
Content-Length: 0
Host: teachapi.aixuexi.com
Connection: Keep-Alive
Accept-Encoding: gzip
User-Agent: okhttp/3.14.2


--> END POST (0-byte body)

<-- 200 OK https://teachapi.aixuexi.com/live/auth/key (145ms)
Access-Control-Max-Age: 1800
Content-Encoding: gzip
Content-Type: application/json;charset=UTF-8
Date: Sat, 24 Oct 2020 13:08:23 GMT
Set-Cookie: __secdyid=a789b35e99da29ede90e92c6038c76176a271212a04e8457021603544903; Expires=Sun, 24 Oct 2021 13:08:23 GMT; HttpOnly
Set-Cookie: SERVERID=c19322fb0c4b53707f6f1dd7ef47c90c|1603544903|1603544903;Path=/
Vary: Accept-Encoding
Vary: Origin
Vary: Access-Control-Request-Method
Vary: Access-Control-Request-Headers
Vary: Origin
Vary: Access-Control-Request-Method
Vary: Access-Control-Request-Headers
Content-Length: 284

{
	"data":"MIGfMA0GCSqGSIb3DQEBAQUAA4GNADCBiQKBgQDRreBo+uELZ5FCFqhJfN5pPZvo98HNkuMA/BMaM74r2KHAjmMG2PE8r2wMtNV7MFuxzyIN7LA+AYsZBzcAGDZzvbntidzfiZsQXrqrsHYWC3OiFKqeWZNcfnMbqij5TTDJ/caCjn2BjnELUsabhHGfFQjJx63Dsh+ZsV7Y0BTwXwIDAQAB",
	"timestamp":"2020-10-24 21:08:23",
	"code":"SUCCESS",
	"msg":"成功"
}
<-- END HTTP (293-byte, 284-gzipped-byte body)

[2020-10-24 21:08:21] [INFO][main][com.axxqa.automation.http.HttpLogger.log(HttpLogger.java:41)]- *********************** Http Response END ***********************
[2020-10-24 21:13:51] [INFO][main][com.axxqa.automation.utils.DnsUtil.<init>(DnsUtil.java:17)]- *********** 加载dns文件, 环境env:product, 文件:host.properties ******** 
[2020-10-24 21:13:51] [ERROR][main][com.axxqa.automation.utils.PropertiesUtil.getProperties(PropertiesUtil.java:30)]- 环境配置文件读取异常,请检查配置文件,FileNotFoundException,error:java.io.FileNotFoundException: file:/Users/liuxiangdong/Desktop/THY/.m2/repository/com/axxqa/automation/axxqa-automation-service/1.0-SNAPSHOT/axxqa-automation-service-1.0-20200730.094812-10.jar!/host.properties (No such file or directory)
	at java.io.FileInputStream.open0(Native Method)
	at java.io.FileInputStream.open(FileInputStream.java:195)
	at java.io.FileInputStream.<init>(FileInputStream.java:138)
	at java.io.FileInputStream.<init>(FileInputStream.java:93)
	at com.axxqa.automation.utils.PropertiesUtil.getProperties(PropertiesUtil.java:26)
	at com.axxqa.automation.utils.DnsUtil.<init>(DnsUtil.java:19)
	at com.axxqa.automation.utils.DnsUtil.initDns(DnsUtil.java:33)
	at com.axxqa.automation.AutomationTestBase.<init>(AutomationTestBase.java:18)
	at cases.login.AuthKeyTest.<init>(AuthKeyTest.java:17)
	at sun.reflect.NativeConstructorAccessorImpl.newInstance0(Native Method)
	at sun.reflect.NativeConstructorAccessorImpl.newInstance(NativeConstructorAccessorImpl.java:62)
	at sun.reflect.DelegatingConstructorAccessorImpl.newInstance(DelegatingConstructorAccessorImpl.java:45)
	at java.lang.reflect.Constructor.newInstance(Constructor.java:423)
	at org.testng.internal.ObjectFactoryImpl.newInstance(ObjectFactoryImpl.java:24)
	at org.testng.internal.ClassHelper.createInstance1(ClassHelper.java:423)
	at org.testng.internal.ClassHelper.createInstance(ClassHelper.java:336)
	at org.testng.internal.ClassImpl.getDefaultInstance(ClassImpl.java:125)
	at org.testng.internal.ClassImpl.getInstances(ClassImpl.java:190)
	at org.testng.TestClass.getInstances(TestClass.java:95)
	at org.testng.TestClass.initTestClassesAndInstances(TestClass.java:81)
	at org.testng.TestClass.init(TestClass.java:73)
	at org.testng.TestClass.<init>(TestClass.java:38)
	at org.testng.TestRunner.initMethods(TestRunner.java:389)
	at org.testng.TestRunner.init(TestRunner.java:271)
	at org.testng.TestRunner.init(TestRunner.java:241)
	at org.testng.TestRunner.<init>(TestRunner.java:167)
	at org.testng.SuiteRunner$DefaultTestRunnerFactory.newTestRunner(SuiteRunner.java:663)
	at org.testng.SuiteRunner.init(SuiteRunner.java:260)
	at org.testng.SuiteRunner.<init>(SuiteRunner.java:198)
	at org.testng.TestNG.createSuiteRunner(TestNG.java:1295)
	at org.testng.TestNG.createSuiteRunners(TestNG.java:1273)
	at org.testng.TestNG.runSuitesLocally(TestNG.java:1128)
	at org.testng.TestNG.runSuites(TestNG.java:1049)
	at org.testng.TestNG.run(TestNG.java:1017)
	at org.testng.IDEARemoteTestNG.run(IDEARemoteTestNG.java:73)
	at org.testng.RemoteTestNGStarter.main(RemoteTestNGStarter.java:123)

[2020-10-24 21:13:51] [INFO][main][com.axxqa.automation.utils.DnsUtil.<init>(DnsUtil.java:22)]- 加载dns文件成功, 环境env:product, 文件:host.properties, count:0
[2020-10-24 21:13:52] [INFO][main][com.axxqa.automation.http.HttpLogger.log(HttpLogger.java:40)]- *********************** Http Request START *********************** 
--> POST https://teachapi.aixuexi.com/live/auth/key http/1.1
Content-Length: 0
Host: teachapi.aixuexi.com
Connection: Keep-Alive
Accept-Encoding: gzip
User-Agent: okhttp/3.14.2


--> END POST (0-byte body)

<-- 200 OK https://teachapi.aixuexi.com/live/auth/key (116ms)
Access-Control-Max-Age: 1800
Content-Encoding: gzip
Content-Type: application/json;charset=UTF-8
Date: Sat, 24 Oct 2020 13:13:54 GMT
Set-Cookie: __secdyid=352bfb247789cc35823ee4c2170804fc6a271212ff17d880021603545234; Expires=Sun, 24 Oct 2021 13:13:54 GMT; HttpOnly
Set-Cookie: SERVERID=c849f99303dddb1b86fe107576f3670b|1603545234|1603545234;Path=/
Vary: Accept-Encoding
Vary: Origin
Vary: Access-Control-Request-Method
Vary: Access-Control-Request-Headers
Vary: Origin
Vary: Access-Control-Request-Method
Vary: Access-Control-Request-Headers
Content-Length: 285

{
	"data":"MIGfMA0GCSqGSIb3DQEBAQUAA4GNADCBiQKBgQDRreBo+uELZ5FCFqhJfN5pPZvo98HNkuMA/BMaM74r2KHAjmMG2PE8r2wMtNV7MFuxzyIN7LA+AYsZBzcAGDZzvbntidzfiZsQXrqrsHYWC3OiFKqeWZNcfnMbqij5TTDJ/caCjn2BjnELUsabhHGfFQjJx63Dsh+ZsV7Y0BTwXwIDAQAB",
	"timestamp":"2020-10-24 21:13:54",
	"code":"SUCCESS",
	"msg":"成功"
}
<-- END HTTP (293-byte, 285-gzipped-byte body)

[2020-10-24 21:13:52] [INFO][main][com.axxqa.automation.http.HttpLogger.log(HttpLogger.java:41)]- *********************** Http Response END ***********************
